<?xml version="1.0" encoding="UTF-8"?>
<!-- Generated by org.testng.reporters.JUnitXMLReporter -->
<testsuite ignored="0" hostname="DESKTOP-L8ROV9T" failures="0" tests="3" name="Default test" time="0.083" errors="0" timestamp="2022-09-09T22:38:11 IST">
  <testcase classname="test_Package.testNG_ClassA" name="testA" time="0.007"/>
  <testcase classname="test_Package.testNG_ClassA" name="testB" time="0.002"/>
  <testcase classname="test_Package.testNG_ClassA" name="testC" time="0.0"/>
</testsuite> <!-- Default test -->
