<?xml version="1.0" encoding="UTF-8"?>
<!-- Generated by org.testng.reporters.JUnitXMLReporter -->
<testsuite ignored="0" hostname="DESKTOP-L8ROV9T" failures="0" tests="6" name="Test" time="0.106" errors="0" timestamp="2022-09-09T23:16:34 IST">
  <testcase classname="test_Package.testNG_ClassB" name="testA" time="0.008"/>
  <testcase classname="test_Package.testNG_ClassA" name="testA" time="0.007"/>
  <testcase classname="test_Package.testNG_ClassB" name="testB" time="0.002"/>
  <testcase classname="test_Package.testNG_ClassB" name="testC" time="0.004"/>
  <testcase classname="test_Package.testNG_ClassA" name="testB" time="0.005"/>
  <testcase classname="test_Package.testNG_ClassA" name="testC" time="0.001"/>
</testsuite> <!-- Test -->
