<?xml version="1.0" encoding="UTF-8"?>
<testng-results ignored="0" total="6" passed="6" failed="0" skipped="0">
  <reporter-output>
  </reporter-output>
  <suite started-at="2022-09-09T23:16:34 IST" name="Suite" finished-at="2022-09-09T23:16:34 IST" duration-ms="106">
    <groups>
    </groups>
    <test started-at="2022-09-09T23:16:34 IST" name="Test" finished-at="2022-09-09T23:16:34 IST" duration-ms="106">
      <class name="test_Package.testNG_ClassA">
        <test-method is-config="true" signature="beforeSuite()[pri:0, instance:test_Package.testNG_ClassA@35d019a3]" started-at="2022-09-09T23:16:34 IST" name="beforeSuite" finished-at="2022-09-09T23:16:34 IST" duration-ms="22" status="PASS">
          <reporter-output>
          </reporter-output>
        </test-method> <!-- beforeSuite -->
        <test-method is-config="true" signature="beforeTest()[pri:0, instance:test_Package.testNG_ClassA@35d019a3]" started-at="2022-09-09T23:16:34 IST" name="beforeTest" finished-at="2022-09-09T23:16:34 IST" duration-ms="0" status="PASS">
          <reporter-output>
          </reporter-output>
        </test-method> <!-- beforeTest -->
        <test-method is-config="true" signature="beforeClass()[pri:0, instance:test_Package.testNG_ClassA@35d019a3]" started-at="2022-09-09T23:16:34 IST" name="beforeClass" finished-at="2022-09-09T23:16:34 IST" duration-ms="0" status="PASS">
          <reporter-output>
          </reporter-output>
        </test-method> <!-- beforeClass -->
        <test-method is-config="true" signature="beforeMethod()[pri:0, instance:test_Package.testNG_ClassA@35d019a3]" started-at="2022-09-09T23:16:34 IST" name="beforeMethod" finished-at="2022-09-09T23:16:34 IST" duration-ms="1" status="PASS">
          <reporter-output>
          </reporter-output>
        </test-method> <!-- beforeMethod -->
        <test-method signature="testA()[pri:0, instance:test_Package.testNG_ClassA@35d019a3]" started-at="2022-09-09T23:16:34 IST" name="testA" finished-at="2022-09-09T23:16:34 IST" duration-ms="7" status="PASS">
          <reporter-output>
          </reporter-output>
        </test-method> <!-- testA -->
        <test-method is-config="true" signature="afterMethod()[pri:0, instance:test_Package.testNG_ClassA@35d019a3]" started-at="2022-09-09T23:16:34 IST" name="afterMethod" finished-at="2022-09-09T23:16:34 IST" duration-ms="0" status="PASS">
          <reporter-output>
          </reporter-output>
        </test-method> <!-- afterMethod -->
        <test-method is-config="true" signature="beforeMethod()[pri:0, instance:test_Package.testNG_ClassA@35d019a3]" started-at="2022-09-09T23:16:34 IST" name="beforeMethod" finished-at="2022-09-09T23:16:34 IST" duration-ms="2" status="PASS">
          <reporter-output>
          </reporter-output>
        </test-method> <!-- beforeMethod -->
        <test-method signature="testB()[pri:0, instance:test_Package.testNG_ClassA@35d019a3]" started-at="2022-09-09T23:16:34 IST" name="testB" finished-at="2022-09-09T23:16:34 IST" duration-ms="5" status="PASS">
          <reporter-output>
          </reporter-output>
        </test-method> <!-- testB -->
        <test-method is-config="true" signature="afterMethod()[pri:0, instance:test_Package.testNG_ClassA@35d019a3]" started-at="2022-09-09T23:16:34 IST" name="afterMethod" finished-at="2022-09-09T23:16:34 IST" duration-ms="1" status="PASS">
          <reporter-output>
          </reporter-output>
        </test-method> <!-- afterMethod -->
        <test-method is-config="true" signature="beforeMethod()[pri:0, instance:test_Package.testNG_ClassA@35d019a3]" started-at="2022-09-09T23:16:34 IST" name="beforeMethod" finished-at="2022-09-09T23:16:34 IST" duration-ms="2" status="PASS">
          <reporter-output>
          </reporter-output>
        </test-method> <!-- beforeMethod -->
        <test-method signature="testC()[pri:0, instance:test_Package.testNG_ClassA@35d019a3]" started-at="2022-09-09T23:16:34 IST" name="testC" finished-at="2022-09-09T23:16:34 IST" duration-ms="1" status="PASS">
          <reporter-output>
          </reporter-output>
        </test-method> <!-- testC -->
        <test-method is-config="true" signature="afterMethod()[pri:0, instance:test_Package.testNG_ClassA@35d019a3]" started-at="2022-09-09T23:16:34 IST" name="afterMethod" finished-at="2022-09-09T23:16:34 IST" duration-ms="2" status="PASS">
          <reporter-output>
          </reporter-output>
        </test-method> <!-- afterMethod -->
        <test-method is-config="true" signature="afterClass()[pri:0, instance:test_Package.testNG_ClassA@35d019a3]" started-at="2022-09-09T23:16:34 IST" name="afterClass" finished-at="2022-09-09T23:16:34 IST" duration-ms="0" status="PASS">
          <reporter-output>
          </reporter-output>
        </test-method> <!-- afterClass -->
        <test-method is-config="true" signature="afterTest()[pri:0, instance:test_Package.testNG_ClassA@35d019a3]" started-at="2022-09-09T23:16:34 IST" name="afterTest" finished-at="2022-09-09T23:16:34 IST" duration-ms="0" status="PASS">
          <reporter-output>
          </reporter-output>
        </test-method> <!-- afterTest -->
        <test-method is-config="true" signature="afterSuite()[pri:0, instance:test_Package.testNG_ClassA@35d019a3]" started-at="2022-09-09T23:16:34 IST" name="afterSuite" finished-at="2022-09-09T23:16:34 IST" duration-ms="0" status="PASS">
          <reporter-output>
          </reporter-output>
        </test-method> <!-- afterSuite -->
      </class> <!-- test_Package.testNG_ClassA -->
      <class name="test_Package.testNG_ClassB">
        <test-method is-config="true" signature="beforeTest()[pri:0, instance:test_Package.testNG_ClassB@2a65fe7c]" started-at="2022-09-09T23:16:34 IST" name="beforeTest" finished-at="2022-09-09T23:16:34 IST" duration-ms="1" status="PASS">
          <reporter-output>
          </reporter-output>
        </test-method> <!-- beforeTest -->
        <test-method is-config="true" signature="beforeClass()[pri:0, instance:test_Package.testNG_ClassB@2a65fe7c]" started-at="2022-09-09T23:16:34 IST" name="beforeClass" finished-at="2022-09-09T23:16:34 IST" duration-ms="0" status="PASS">
          <reporter-output>
          </reporter-output>
        </test-method> <!-- beforeClass -->
        <test-method is-config="true" signature="beforeMethod()[pri:0, instance:test_Package.testNG_ClassB@2a65fe7c]" started-at="2022-09-09T23:16:34 IST" name="beforeMethod" finished-at="2022-09-09T23:16:34 IST" duration-ms="1" status="PASS">
          <reporter-output>
          </reporter-output>
        </test-method> <!-- beforeMethod -->
        <test-method signature="testA()[pri:0, instance:test_Package.testNG_ClassB@2a65fe7c]" started-at="2022-09-09T23:16:34 IST" name="testA" finished-at="2022-09-09T23:16:34 IST" duration-ms="8" status="PASS">
          <reporter-output>
          </reporter-output>
        </test-method> <!-- testA -->
        <test-method is-config="true" signature="afterMethod()[pri:0, instance:test_Package.testNG_ClassB@2a65fe7c]" started-at="2022-09-09T23:16:34 IST" name="afterMethod" finished-at="2022-09-09T23:16:34 IST" duration-ms="0" status="PASS">
          <reporter-output>
          </reporter-output>
        </test-method> <!-- afterMethod -->
        <test-method is-config="true" signature="beforeMethod()[pri:0, instance:test_Package.testNG_ClassB@2a65fe7c]" started-at="2022-09-09T23:16:34 IST" name="beforeMethod" finished-at="2022-09-09T23:16:34 IST" duration-ms="1" status="PASS">
          <reporter-output>
          </reporter-output>
        </test-method> <!-- beforeMethod -->
        <test-method signature="testB()[pri:0, instance:test_Package.testNG_ClassB@2a65fe7c]" started-at="2022-09-09T23:16:34 IST" name="testB" finished-at="2022-09-09T23:16:34 IST" duration-ms="2" status="PASS">
          <reporter-output>
          </reporter-output>
        </test-method> <!-- testB -->
        <test-method is-config="true" signature="afterMethod()[pri:0, instance:test_Package.testNG_ClassB@2a65fe7c]" started-at="2022-09-09T23:16:34 IST" name="afterMethod" finished-at="2022-09-09T23:16:34 IST" duration-ms="0" status="PASS">
          <reporter-output>
          </reporter-output>
        </test-method> <!-- afterMethod -->
        <test-method signature="testC()[pri:0, instance:test_Package.testNG_ClassB@2a65fe7c]" started-at="2022-09-09T23:16:34 IST" name="testC" finished-at="2022-09-09T23:16:34 IST" duration-ms="4" status="PASS">
          <reporter-output>
          </reporter-output>
        </test-method> <!-- testC -->
        <test-method is-config="true" signature="beforeMethod()[pri:0, instance:test_Package.testNG_ClassB@2a65fe7c]" started-at="2022-09-09T23:16:34 IST" name="beforeMethod" finished-at="2022-09-09T23:16:34 IST" duration-ms="0" status="PASS">
          <reporter-output>
          </reporter-output>
        </test-method> <!-- beforeMethod -->
        <test-method is-config="true" signature="afterMethod()[pri:0, instance:test_Package.testNG_ClassB@2a65fe7c]" started-at="2022-09-09T23:16:34 IST" name="afterMethod" finished-at="2022-09-09T23:16:34 IST" duration-ms="0" status="PASS">
          <reporter-output>
          </reporter-output>
        </test-method> <!-- afterMethod -->
        <test-method is-config="true" signature="afterClass()[pri:0, instance:test_Package.testNG_ClassB@2a65fe7c]" started-at="2022-09-09T23:16:34 IST" name="afterClass" finished-at="2022-09-09T23:16:34 IST" duration-ms="2" status="PASS">
          <reporter-output>
          </reporter-output>
        </test-method> <!-- afterClass -->
        <test-method is-config="true" signature="afterTest()[pri:0, instance:test_Package.testNG_ClassB@2a65fe7c]" started-at="2022-09-09T23:16:34 IST" name="afterTest" finished-at="2022-09-09T23:16:34 IST" duration-ms="1" status="PASS">
          <reporter-output>
          </reporter-output>
        </test-method> <!-- afterTest -->
      </class> <!-- test_Package.testNG_ClassB -->
    </test> <!-- Test -->
  </suite> <!-- Suite -->
</testng-results>
